[20:16:38] [ServerMain/INFO]: Environment: Environment[sessionHost=https://sessionserver.mojang.com, servicesHost=https://api.minecraftservices.com, name=PROD]
[20:16:44] [ServerMain/INFO]: Loaded 1290 recipes
[20:16:45] [ServerMain/INFO]: Loaded 1399 advancements
[20:16:46] [Server thread/INFO]: Starting minecraft server version 1.21
[20:16:46] [Server thread/INFO]: Loading properties
[20:16:46] [Server thread/INFO]: Default game type: SURVIVAL
[20:16:46] [Server thread/INFO]: Generating keypair
[20:16:46] [Server thread/INFO]: Starting Minecraft server on *:25565
[20:16:46] [Server thread/INFO]: Using epoll channel type
[20:16:46] [Server thread/INFO]: Preparing level "world"
[20:16:57] [Server thread/INFO]: Preparing start region for dimension minecraft:overworld
[20:16:58] [Worker-Main-1/INFO]: Preparing spawn area: 0%
[20:16:58] [Worker-Main-1/INFO]: Preparing spawn area: 0%
[20:16:58] [Worker-Main-1/INFO]: Preparing spawn area: 6%
[20:16:58] [Worker-Main-1/INFO]: Preparing spawn area: 57%
[20:16:59] [Server thread/INFO]: Time elapsed: 1750 ms
[20:16:59] [Server thread/INFO]: Done (12.366s)! For help, type "help"
[20:26:48] [User Authenticator #1/INFO]: UUID of player Sthendaal is 5c162ac5-6382-441a-bb84-c841f842c760
[20:26:50] [Server thread/INFO]: Sthendaal[/100.118.59.15:59027] logged in with entity id 32 at (536.5522259225354, 101.0, -196.04800623897378)
[20:26:50] [Server thread/INFO]: Sthendaal joined the game
[20:27:36] [Server thread/INFO]: Sthendaal lost connection: Disconnected
[20:27:36] [Server thread/INFO]: Sthendaal left the game
[20:39:56] [User Authenticator #2/INFO]: UUID of player JeremyFit is df2e58ad-0cd9-4f09-859d-f5cc11efa360
[20:39:59] [Server thread/INFO]: JeremyFit[/100.87.156.76:65377] logged in with entity id 421 at (-269.2569845785165, 18.79673560066869, -738.5083614671742)
[20:39:59] [Server thread/INFO]: JeremyFit joined the game
[20:42:27] [Server thread/INFO]: JeremyFit lost connection: Disconnected
[20:42:27] [Server thread/INFO]: JeremyFit left the game
[20:42:29] [User Authenticator #3/INFO]: UUID of player JeremyFit is df2e58ad-0cd9-4f09-859d-f5cc11efa360
[20:42:30] [Server thread/INFO]: JeremyFit[/100.87.156.76:49157] logged in with entity id 834 at (-288.55379658709455, 17.0, -759.1214271250527)
[20:42:30] [Server thread/INFO]: JeremyFit joined the game
[20:51:01] [User Authenticator #4/INFO]: UUID of player Sthendaal is 5c162ac5-6382-441a-bb84-c841f842c760
[20:51:02] [Server thread/INFO]: Sthendaal[/100.118.59.15:59478] logged in with entity id 2049 at (606.5261637237994, 113.0, -233.65374370682213)
[20:51:02] [Server thread/INFO]: Sthendaal joined the game
[20:51:31] [Server thread/INFO]: <JeremyFit> buenas tardes CAlambrito
[20:51:36] [Server thread/INFO]: Sthendaal lost connection: Disconnected
[20:51:36] [Server thread/INFO]: Sthendaal left the game
[20:51:40] [User Authenticator #5/INFO]: UUID of player Sthendaal is 5c162ac5-6382-441a-bb84-c841f842c760
[20:51:41] [Server thread/INFO]: Sthendaal[/100.118.59.15:59494] logged in with entity id 2463 at (617.3765100236884, 111.0, -260.5653775109555)
[20:51:41] [Server thread/INFO]: Sthendaal joined the game
[20:53:44] [Server thread/INFO]: <JeremyFit> buena taldes Calambrito
[20:53:52] [Server thread/INFO]: <Sthendaal> por donde estas
[20:54:02] [Server thread/INFO]: <JeremyFit> estoy buscando hierro
[20:54:20] [Server thread/INFO]: JeremyFit has made the advancement [Cover Me with Diamonds]
[20:54:24] [Server thread/INFO]: <Sthendaal> si encuentras una cabeza de calabaza
[20:54:28] [Server thread/INFO]: <Sthendaal> me dices
[20:54:32] [Server thread/INFO]: <JeremyFit> queda bro
[20:58:32] [Server thread/INFO]: Sthendaal lost connection: Disconnected
[20:58:32] [Server thread/INFO]: Sthendaal left the game
[21:24:52] [Server thread/INFO]: JeremyFit lost connection: Disconnected
[21:24:52] [Server thread/INFO]: JeremyFit left the game
[21:50:37] [User Authenticator #6/INFO]: UUID of player Cawita777 is a7b788cc-e9f7-413d-be69-f6491dd70ec1
[21:50:39] [Server thread/INFO]: Cawita777[/100.87.105.22:51097] logged in with entity id 8414 at (-241.5, 63.0, 1179.5)
[21:50:39] [Server thread/INFO]: Cawita777 joined the game
[21:53:00] [User Authenticator #7/INFO]: UUID of player Mauu_U is c91008f8-18ff-464b-82be-efc876b9b970
[21:53:04] [Server thread/INFO]: Mauu_U[/100.66.51.21:50281] logged in with entity id 9284 at (-3.054131302454563, 74.0, -102.0304735604116)
[21:53:04] [Server thread/INFO]: Mauu_U joined the game
[21:53:33] [Server thread/INFO]: <Mauu_U> cawita
[21:53:40] [Server thread/INFO]: <Mauu_U> como estas bro
[21:53:48] [Server thread/INFO]: <Cawita777> sapo q chch
[21:53:58] [Server thread/INFO]: <Mauu_U> wadafa
[21:54:01] [Server thread/INFO]: <Mauu_U> solo dire
[21:54:05] [Server thread/INFO]: <Mauu_U> q tengo 20 camas
[21:54:11] [Server thread/INFO]: <Mauu_U> y un portal aqui
[21:54:22] [Server thread/INFO]: <Cawita777> te doy 100 y ni asi matas al dragon sonso
[21:54:40] [Server thread/INFO]: <Mauu_U> xddd
[21:55:33] [Server thread/INFO]: <Cawita777> ahora consigue perlas ps bruto
[21:55:51] [Server thread/INFO]: <Mauu_U> primero netherite ps
[21:56:08] [Server thread/WARN]: Mismatch in destroy block pos: jd{x=-39, y=64, z=81} jd{x=-38, y=62, z=82}
[21:56:56] [Server thread/WARN]: Horse (vehicle of Mauu_U) moved too quickly! 3.3007202780048868,6.0,7.6846140046872335
[21:56:56] [Server thread/WARN]: Horse (vehicle of Mauu_U) moved too quickly! 3.5073574117332083,6.0,8.133119817224753
[21:56:56] [Server thread/WARN]: Horse (vehicle of Mauu_U) moved too quickly! 3.720038686306535,6.0,8.579956090733702
[21:57:58] [Server thread/INFO]: <Cawita777> q rico caballo ahorita se cae a la lava
[21:58:04] [Server thread/INFO]: <Mauu_U> xxdxd
[21:58:11] [Server thread/INFO]: <Mauu_U> deja ahi mrd
[21:58:53] [Server thread/INFO]: <Cawita777> 12 81 45
[21:58:57] [Server thread/INFO]: <Cawita777> acuerdate burro
[21:59:17] [Server thread/INFO]: <Mauu_U> sigueme
[21:59:20] [Server thread/INFO]: <Mauu_U> ya tengo camino
[21:59:50] [Server thread/INFO]: <Cawita777> esto yo hice yo oe bruto
[21:59:59] [Server thread/INFO]: <Cawita777> ya chape todo del fortres
[22:00:14] [Server thread/INFO]: <Mauu_U> pero estamos buscando netherite viejo
[22:00:18] [Server thread/INFO]: <Mauu_U> el camino es por ahi
[22:14:19] [Server thread/INFO]: Cawita777 lost connection: Disconnected
[22:14:19] [Server thread/INFO]: Cawita777 left the game
[22:14:33] [Server thread/INFO]: Mauu_U tried to swim in lava
[22:14:55] [User Authenticator #8/INFO]: UUID of player Cawita777 is a7b788cc-e9f7-413d-be69-f6491dd70ec1
[22:14:57] [Server thread/INFO]: Cawita777[/100.87.105.22:52637] logged in with entity id 15744 at (-260.39180206922674, 25.708859156984158, -86.27988696047701)
[22:14:57] [Server thread/INFO]: Cawita777 joined the game
[22:15:00] [Server thread/INFO]: <Mauu_U> gg
[22:15:07] [Server thread/INFO]: Cawita777 tried to swim in lava
[22:15:11] [Server thread/INFO]: <Cawita777> gg
[22:15:12] [Server thread/INFO]: <Mauu_U> xdxdxdxdx
[22:15:22] [Server thread/INFO]: <Cawita777> tmb moriste
[22:15:23] [Server thread/INFO]: <Cawita777> xddx
[22:15:25] [Server thread/INFO]: <Cawita777> xddxdxdx
[22:16:57] [Server thread/WARN]: Mauu_U moved too quickly! -10.11402788286805,0.0,-1.6683626940101801
[22:17:01] [Server thread/WARN]: Mauu_U moved too quickly! 9.436724011263271,3.3747383203857453,1.2385495205380428
[22:18:06] [Server thread/INFO]: <Mauu_U> gamemode 1
[22:18:51] [Server thread/INFO]: Mauu_U lost connection: Disconnected
[22:18:51] [Server thread/INFO]: Mauu_U left the game
[22:18:54] [User Authenticator #9/INFO]: UUID of player Mauu_U is c91008f8-18ff-464b-82be-efc876b9b970
[22:18:56] [Server thread/INFO]: Mauu_U[/100.66.51.21:56246] logged in with entity id 16084 at (-17.29171743651216, 96.0, -0.8483467555303001)
[22:18:56] [Server thread/INFO]: Mauu_U joined the game
[22:18:57] [Server thread/INFO]: Cawita777 lost connection: Disconnected
[22:18:57] [Server thread/INFO]: Cawita777 left the game
[22:19:21] [Server thread/INFO]: Mauu_U lost connection: Disconnected
[22:19:21] [Server thread/INFO]: Mauu_U left the game
[22:21:12] [User Authenticator #10/INFO]: UUID of player Cawita777 is a7b788cc-e9f7-413d-be69-f6491dd70ec1
[22:21:13] [Server thread/INFO]: Cawita777[/100.87.105.22:53118] logged in with entity id 16085 at (29.605346219594416, 97.34848358587621, -34.85967338108636)
[22:21:13] [Server thread/INFO]: Cawita777 joined the game
[22:21:17] [Server thread/INFO]: Cawita777 lost connection: Disconnected
[22:21:17] [Server thread/INFO]: Cawita777 left the game
